mode: set
github.com/eco2-team/backend/domains/ext-authz/internal/mq/consumer.go:81.115,88.2 1 1
github.com/eco2-team/backend/domains/ext-authz/internal/mq/consumer.go:92.37,94.2 1 0
github.com/eco2-team/backend/domains/ext-authz/internal/mq/consumer.go:97.36,99.2 1 1
github.com/eco2-team/backend/domains/ext-authz/internal/mq/consumer.go:102.43,103.6 1 0
github.com/eco2-team/backend/domains/ext-authz/internal/mq/consumer.go:103.6,104.10 1 0
github.com/eco2-team/backend/domains/ext-authz/internal/mq/consumer.go:105.17,107.10 2 0
github.com/eco2-team/backend/domains/ext-authz/internal/mq/consumer.go:108.11,109.38 1 0
github.com/eco2-team/backend/domains/ext-authz/internal/mq/consumer.go:109.38,117.13 5 0
github.com/eco2-team/backend/domains/ext-authz/internal/mq/consumer.go:124.45,126.16 2 0
github.com/eco2-team/backend/domains/ext-authz/internal/mq/consumer.go:126.16,128.3 1 0
github.com/eco2-team/backend/domains/ext-authz/internal/mq/consumer.go:129.2,132.16 3 0
github.com/eco2-team/backend/domains/ext-authz/internal/mq/consumer.go:132.16,134.3 1 0
github.com/eco2-team/backend/domains/ext-authz/internal/mq/consumer.go:135.2,147.16 3 0
github.com/eco2-team/backend/domains/ext-authz/internal/mq/consumer.go:147.16,149.3 1 0
github.com/eco2-team/backend/domains/ext-authz/internal/mq/consumer.go:152.2,160.16 2 0
github.com/eco2-team/backend/domains/ext-authz/internal/mq/consumer.go:160.16,162.3 1 0
github.com/eco2-team/backend/domains/ext-authz/internal/mq/consumer.go:165.2,172.16 2 0
github.com/eco2-team/backend/domains/ext-authz/internal/mq/consumer.go:172.16,174.3 1 0
github.com/eco2-team/backend/domains/ext-authz/internal/mq/consumer.go:177.2,186.16 2 0
github.com/eco2-team/backend/domains/ext-authz/internal/mq/consumer.go:186.16,188.3 1 0
github.com/eco2-team/backend/domains/ext-authz/internal/mq/consumer.go:190.2,199.6 4 0
github.com/eco2-team/backend/domains/ext-authz/internal/mq/consumer.go:199.6,200.10 1 0
github.com/eco2-team/backend/domains/ext-authz/internal/mq/consumer.go:201.17,202.14 1 0
github.com/eco2-team/backend/domains/ext-authz/internal/mq/consumer.go:203.27,206.14 3 0
github.com/eco2-team/backend/domains/ext-authz/internal/mq/consumer.go:207.22,208.29 1 0
github.com/eco2-team/backend/domains/ext-authz/internal/mq/consumer.go:214.56,216.53 2 1
github.com/eco2-team/backend/domains/ext-authz/internal/mq/consumer.go:216.53,223.3 3 1
github.com/eco2-team/backend/domains/ext-authz/internal/mq/consumer.go:225.2,227.20 2 1
github.com/eco2-team/backend/domains/ext-authz/internal/mq/consumer.go:228.13,229.22 1 1
github.com/eco2-team/backend/domains/ext-authz/internal/mq/consumer.go:229.22,233.4 3 1
github.com/eco2-team/backend/domains/ext-authz/internal/mq/consumer.go:234.3,239.49 3 1
github.com/eco2-team/backend/domains/ext-authz/internal/mq/consumer.go:241.16,246.52 2 1
github.com/eco2-team/backend/domains/ext-authz/internal/mq/consumer.go:248.10,252.23 2 1
github.com/eco2-team/backend/domains/ext-authz/internal/cache/blacklist.go:69.71,76.2 3 1
github.com/eco2-team/backend/domains/ext-authz/internal/cache/blacklist.go:81.57,83.15 2 1
github.com/eco2-team/backend/domains/ext-authz/internal/cache/blacklist.go:83.15,85.3 1 1
github.com/eco2-team/backend/domains/ext-authz/internal/cache/blacklist.go:87.2,88.9 2 1
github.com/eco2-team/backend/domains/ext-authz/internal/cache/blacklist.go:88.9,91.3 2 1
github.com/eco2-team/backend/domains/ext-authz/internal/cache/blacklist.go:93.2,94.32 2 1
github.com/eco2-team/backend/domains/ext-authz/internal/cache/blacklist.go:94.32,101.3 5 1
github.com/eco2-team/backend/domains/ext-authz/internal/cache/blacklist.go:103.2,104.13 2 1
github.com/eco2-team/backend/domains/ext-authz/internal/cache/blacklist.go:109.62,113.2 3 1
github.com/eco2-team/backend/domains/ext-authz/internal/cache/blacklist.go:116.67,118.30 2 1
github.com/eco2-team/backend/domains/ext-authz/internal/cache/blacklist.go:118.30,121.3 2 1
github.com/eco2-team/backend/domains/ext-authz/internal/cache/blacklist.go:122.2,124.14 3 1
github.com/eco2-team/backend/domains/ext-authz/internal/cache/blacklist.go:128.37,130.36 2 1
github.com/eco2-team/backend/domains/ext-authz/internal/cache/blacklist.go:130.36,133.3 2 1
github.com/eco2-team/backend/domains/ext-authz/internal/cache/blacklist.go:134.2,134.14 1 1
github.com/eco2-team/backend/domains/ext-authz/internal/cache/blacklist.go:138.33,140.2 1 1
github.com/eco2-team/backend/domains/ext-authz/internal/cache/blacklist.go:143.40,147.6 3 1
github.com/eco2-team/backend/domains/ext-authz/internal/cache/blacklist.go:147.6,148.10 1 1
github.com/eco2-team/backend/domains/ext-authz/internal/cache/blacklist.go:149.19,150.15 1 1
github.com/eco2-team/backend/domains/ext-authz/internal/cache/blacklist.go:151.17,152.10 1 1
github.com/eco2-team/backend/domains/ext-authz/internal/cache/blacklist.go:158.36,162.42 3 1
github.com/eco2-team/backend/domains/ext-authz/internal/cache/blacklist.go:162.42,164.26 2 1
github.com/eco2-team/backend/domains/ext-authz/internal/cache/blacklist.go:164.26,167.4 2 1
github.com/eco2-team/backend/domains/ext-authz/internal/cache/blacklist.go:168.3,168.14 1 1
github.com/eco2-team/backend/domains/ext-authz/internal/cache/blacklist.go:171.2,171.17 1 1
github.com/eco2-team/backend/domains/ext-authz/internal/cache/blacklist.go:171.17,174.3 2 1
github.com/eco2-team/backend/domains/ext-authz/internal/cache/blacklist.go:178.45,180.2 1 1
github.com/eco2-team/backend/domains/ext-authz/internal/cache/bootstrap.go:23.122,31.6 6 0
github.com/eco2-team/backend/domains/ext-authz/internal/cache/bootstrap.go:31.6,33.17 2 0
github.com/eco2-team/backend/domains/ext-authz/internal/cache/bootstrap.go:33.17,40.4 2 0
github.com/eco2-team/backend/domains/ext-authz/internal/cache/bootstrap.go:42.3,45.28 2 0
github.com/eco2-team/backend/domains/ext-authz/internal/cache/bootstrap.go:45.28,49.18 3 0
github.com/eco2-team/backend/domains/ext-authz/internal/cache/bootstrap.go:49.18,54.13 2 0
github.com/eco2-team/backend/domains/ext-authz/internal/cache/bootstrap.go:58.4,58.16 1 0
github.com/eco2-team/backend/domains/ext-authz/internal/cache/bootstrap.go:58.16,59.13 1 0
github.com/eco2-team/backend/domains/ext-authz/internal/cache/bootstrap.go:62.4,63.25 2 0
github.com/eco2-team/backend/domains/ext-authz/internal/cache/bootstrap.go:66.3,67.18 2 0
github.com/eco2-team/backend/domains/ext-authz/internal/cache/bootstrap.go:67.18,68.9 1 0
github.com/eco2-team/backend/domains/ext-authz/internal/cache/bootstrap.go:72.2,79.19 3 0
